<?xml version="1.0" encoding="UTF-8"?>
<!-- Generated by org.testng.reporters.JUnitReportReporter -->
<testsuite skipped="0" hostname="balaji-PC" name="pom.testcase.Logintest" tests="2" failures="0" timestamp="15 Mar 2020 04:52:11 GMT" time="2.048" errors="0">
  <testcase name="Test01" time="2.020" classname="pom.testcase.Logintest"/>
  <testcase name="test02" time="0.028" classname="pom.testcase.Logintest"/>
</testsuite> <!-- pom.testcase.Logintest -->
