<?xml version="1.0" encoding="UTF-8"?>
<!-- Generated by org.testng.reporters.JUnitReportReporter -->
<testsuite skipped="0" hostname="balaji-PC" name="pom.testcase.Logintest" tests="2" failures="0" timestamp="15 Mar 2020 15:10:15 GMT" time="1.292" errors="0">
  <testcase name="Test01" time="1.273" classname="pom.testcase.Logintest"/>
  <testcase name="test02" time="0.019" classname="pom.testcase.Logintest"/>
</testsuite> <!-- pom.testcase.Logintest -->
